正在连接远程服务器...
正在连接远程服务器...
连接成功
备份数据库...
正在连接远程服务器...
正在连接远程服务器...
连接成功
备份数据库...
数据库备份完毕
压缩备份文件...
压缩备份文件成功
删除源文件...
删除源文件成功
下载压缩后的备份文件...
下载完毕
删除远程备份文件
解压缩备份文件
格式化本地数据库
导入数据...
完成



正在连接远程服务器...
连接成功
备份数据库...
数据库备份完毕
压缩备份文件...
压缩备份文件成功
删除源文件...
删除源文件成功
下载压缩后的备份文件...
下载完毕
删除远程备份文件
解压缩备份文件
将本地数据库备份文件移到/home/mc/logs_domestictrade/下
格式化本地数据库
导入数据...
完成



正在连接远程服务器...
连接成功
备份数据库...
数据库备份完毕
压缩备份文件...
压缩备份文件成功
删除源文件...
删除源文件成功
下载压缩后的备份文件...
下载完毕
删除远程备份文件
解压缩备份文件
将本地数据库备份文件移到/home/mc/logs_domestictrade/下
格式化本地数据库
导入数据...
完成



将本地数据库备份文件移到/home/mc/logs_domestictrade/下
重命名本分文件...
格式化本地数据库
导入数据...
完成



将本地数据库备份文件移到/home/mc/logs_domestictrade/下
重命名本分文件...
格式化本地数据库
导入数据...
完成



将本地数据库备份文件移到/home/mc/logs_domestictrade/下
重命名本分文件...
格式化本地数据库
导入数据...
完成



格式化本地数据库
导入数据...
完成



格式化本地数据库
导入数据...
格式化本地数据库
格式化本地数据库
导入数据...
格式化本地数据库
导入数据...
格式化本地数据库
导入数据...
格式化本地数据库
格式化本地数据库
格式化本地数据库
格式化本地数据库
格式化本地数据库
格式化本地数据库
导入数据...
完成



格式化本地数据库
格式化本地数据库
格式化本地数据库
导入数据...
完成



格式化本地数据库
导入数据...
完成



